c:\users\lumij\documents\segundo_prg\prog_graph_jimenezmu\t4_gpu_manager_workspace\t4_gpu_manager_workspace\build\pr04_00_gpumanager_template\debug\vc143.pdb
c:\users\lumij\documents\segundo_prg\prog_graph_jimenezmu\t4_gpu_manager_workspace\t4_gpu_manager_workspace\build\pr04_00_gpumanager_template\debug\vc143.idb
c:\users\lumij\documents\segundo_prg\prog_graph_jimenezmu\t4_gpu_manager_workspace\t4_gpu_manager_workspace\build\pr04_00_gpumanager_template\debug\pr04_00_gpumanager_template.obj
c:\users\lumij\documents\segundo_prg\prog_graph_jimenezmu\t4_gpu_manager_workspace\t4_gpu_manager_workspace\build\pr04_00_gpumanager_template\debug\custom_gpu_shader.obj
c:\users\lumij\documents\segundo_prg\prog_graph_jimenezmu\t4_gpu_manager_workspace\t4_gpu_manager_workspace\build\pr04_00_gpumanager_template\debug\custom_gpu_program.obj
c:\users\lumij\documents\segundo_prg\prog_graph_jimenezmu\t4_gpu_manager_workspace\t4_gpu_manager_workspace\build\pr04_00_gpumanager_template\debug\custom_gpu_manger.obj
c:\users\lumij\documents\segundo_prg\prog_graph_jimenezmu\t4_gpu_manager_workspace\t4_gpu_manager_workspace\build\pr04_00_gpumanager_template\debug\custom_gpu_buffer.obj
c:\users\lumij\documents\segundo_prg\prog_graph_jimenezmu\t4_gpu_manager_workspace\t4_gpu_manager_workspace\build\pr04_00_gpumanager_template\debug\custom_gpu_texture.obj
c:\users\lumij\documents\segundo_prg\prog_graph_jimenezmu\t4_gpu_manager_workspace\t4_gpu_manager_workspace\bin\debug\x32\pr04_00_gpumanager_template_d.exe
c:\users\lumij\documents\segundo_prg\prog_graph_jimenezmu\t4_gpu_manager_workspace\t4_gpu_manager_workspace\bin\debug\x32\pr04_00_gpumanager_template_d.pdb
c:\users\lumij\documents\segundo_prg\prog_graph_jimenezmu\t4_gpu_manager_workspace\t4_gpu_manager_workspace\build\pr04_00_gpumanager_template\debug\pr04_00_gpumanager_template_d.ilk
c:\users\lumij\documents\segundo_prg\prog_graph_jimenezmu\t4_gpu_manager_workspace\t4_gpu_manager_workspace\build\pr04_00_gpumanager_template\debug\..\..\..\bin\debug\x32\pr04_00_gpumanager_template_d.pdb
c:\users\lumij\documents\segundo_prg\prog_graph_jimenezmu\t4_gpu_manager_workspace\t4_gpu_manager_workspace\build\pr04_00_gpumanager_template\debug\..\debug\pr04_00_gpumanager_template.vcxproj.filelistabsolute.txt
c:\users\lumij\documents\segundo_prg\prog_graph_jimenezmu\t4_gpu_manager_workspace\t4_gpu_manager_workspace\build\pr04_00_gpumanager_template\debug\pr04_00_.cb2bb81e.tlog\cl.command.1.tlog
c:\users\lumij\documents\segundo_prg\prog_graph_jimenezmu\t4_gpu_manager_workspace\t4_gpu_manager_workspace\build\pr04_00_gpumanager_template\debug\pr04_00_.cb2bb81e.tlog\cl.items.tlog
c:\users\lumij\documents\segundo_prg\prog_graph_jimenezmu\t4_gpu_manager_workspace\t4_gpu_manager_workspace\build\pr04_00_gpumanager_template\debug\pr04_00_.cb2bb81e.tlog\cl.read.1.tlog
c:\users\lumij\documents\segundo_prg\prog_graph_jimenezmu\t4_gpu_manager_workspace\t4_gpu_manager_workspace\build\pr04_00_gpumanager_template\debug\pr04_00_.cb2bb81e.tlog\cl.write.1.tlog
c:\users\lumij\documents\segundo_prg\prog_graph_jimenezmu\t4_gpu_manager_workspace\t4_gpu_manager_workspace\build\pr04_00_gpumanager_template\debug\pr04_00_.cb2bb81e.tlog\link.command.1.tlog
c:\users\lumij\documents\segundo_prg\prog_graph_jimenezmu\t4_gpu_manager_workspace\t4_gpu_manager_workspace\build\pr04_00_gpumanager_template\debug\pr04_00_.cb2bb81e.tlog\link.read.1.tlog
c:\users\lumij\documents\segundo_prg\prog_graph_jimenezmu\t4_gpu_manager_workspace\t4_gpu_manager_workspace\build\pr04_00_gpumanager_template\debug\pr04_00_.cb2bb81e.tlog\link.secondary.1.tlog
c:\users\lumij\documents\segundo_prg\prog_graph_jimenezmu\t4_gpu_manager_workspace\t4_gpu_manager_workspace\build\pr04_00_gpumanager_template\debug\pr04_00_.cb2bb81e.tlog\link.write.1.tlog
