  DemoManager.cc
C:\Users\lumij\Documents\Segundo_Prg\prog_graph_jimenezmu\EDK3_Login\include\math_library\math_utils.h(15,46): warning C4100: 'copy': parámetro formal sin referencia
C:\Users\lumij\Documents\Segundo_Prg\prog_graph_jimenezmu\EDK3_Login\src\DemoManager.cc(4,1): error C2653: 'DemoManager': no es un nombre de clase o espacio de nombres
C:\Users\lumij\Documents\Segundo_Prg\prog_graph_jimenezmu\EDK3_Login\src\DemoManager.cc(5,1): error C4430: falta el especificador de tipo; se presupone int. Nota: C++ no admite default-int
C:\Users\lumij\Documents\Segundo_Prg\prog_graph_jimenezmu\EDK3_Login\src\DemoManager.cc(6,1): warning C4508: 'DemoManager': la función debe devolver un valor; se supone que el tipo de valor devuelto es 'void'
C:\Users\lumij\Documents\Segundo_Prg\prog_graph_jimenezmu\EDK3_Login\src\DemoManager.cc(8,1): error C2653: 'DemoManager': no es un nombre de clase o espacio de nombres
C:\Users\lumij\Documents\Segundo_Prg\prog_graph_jimenezmu\EDK3_Login\src\DemoManager.cc(9,1): error C4430: falta el especificador de tipo; se presupone int. Nota: C++ no admite default-int
C:\Users\lumij\Documents\Segundo_Prg\prog_graph_jimenezmu\EDK3_Login\src\DemoManager.cc(8,26): error C2084: la función 'int DemoManager(void)' ya tiene un cuerpo
C:\Users\lumij\Documents\Segundo_Prg\prog_graph_jimenezmu\EDK3_Login\src\DemoManager.cc(4,14): message : vea la definición anterior de 'DemoManager'
  ImGuiDemo.cc
C:\Users\lumij\Documents\Segundo_Prg\prog_graph_jimenezmu\EDK3_Login\src\ImGuiDemo.cc(13,5): error C2653: 'ImGui': no es un nombre de clase o espacio de nombres
C:\Users\lumij\Documents\Segundo_Prg\prog_graph_jimenezmu\EDK3_Login\src\ImGuiDemo.cc(13,12): error C3861: 'Begin': no se encontró el identificador
C:\Users\lumij\Documents\Segundo_Prg\prog_graph_jimenezmu\EDK3_Login\src\ImGuiDemo.cc(15,37): error C2065: 'Terrains': identificador no declarado
C:\Users\lumij\Documents\Segundo_Prg\prog_graph_jimenezmu\EDK3_Login\src\ImGuiDemo.cc(15,56): error C2065: 'Terrains': identificador no declarado
C:\Users\lumij\Documents\Segundo_Prg\prog_graph_jimenezmu\EDK3_Login\src\ImGuiDemo.cc(16,5): error C2653: 'ImGui': no es un nombre de clase o espacio de nombres
C:\Users\lumij\Documents\Segundo_Prg\prog_graph_jimenezmu\EDK3_Login\src\ImGuiDemo.cc(16,74): error C2065: 'num_terrains': identificador no declarado
C:\Users\lumij\Documents\Segundo_Prg\prog_graph_jimenezmu\EDK3_Login\src\ImGuiDemo.cc(16,12): error C3861: 'Combo': no se encontró el identificador
C:\Users\lumij\Documents\Segundo_Prg\prog_graph_jimenezmu\EDK3_Login\src\ImGuiDemo.cc(18,5): error C2065: 'Terrain': identificador no declarado
C:\Users\lumij\Documents\Segundo_Prg\prog_graph_jimenezmu\EDK3_Login\src\ImGuiDemo.cc(18,14): error C2065: 't': identificador no declarado
C:\Users\lumij\Documents\Segundo_Prg\prog_graph_jimenezmu\EDK3_Login\src\ImGuiDemo.cc(18,19): error C2065: 'Terrains': identificador no declarado
C:\Users\lumij\Documents\Segundo_Prg\prog_graph_jimenezmu\EDK3_Login\src\ImGuiDemo.cc(21,5): error C2653: 'ImGui': no es un nombre de clase o espacio de nombres
C:\Users\lumij\Documents\Segundo_Prg\prog_graph_jimenezmu\EDK3_Login\src\ImGuiDemo.cc(21,43): error C2065: 'Terrains': identificador no declarado
C:\Users\lumij\Documents\Segundo_Prg\prog_graph_jimenezmu\EDK3_Login\src\ImGuiDemo.cc(21,12): error C3861: 'InputInt': no se encontró el identificador
C:\Users\lumij\Documents\Segundo_Prg\prog_graph_jimenezmu\EDK3_Login\src\ImGuiDemo.cc(22,5): error C2653: 'ImGui': no es un nombre de clase o espacio de nombres
C:\Users\lumij\Documents\Segundo_Prg\prog_graph_jimenezmu\EDK3_Login\src\ImGuiDemo.cc(22,40): error C2065: 'Terrains': identificador no declarado
C:\Users\lumij\Documents\Segundo_Prg\prog_graph_jimenezmu\EDK3_Login\src\ImGuiDemo.cc(22,12): error C3861: 'InputInt': no se encontró el identificador
C:\Users\lumij\Documents\Segundo_Prg\prog_graph_jimenezmu\EDK3_Login\src\ImGuiDemo.cc(23,5): error C2653: 'ImGui': no es un nombre de clase o espacio de nombres
C:\Users\lumij\Documents\Segundo_Prg\prog_graph_jimenezmu\EDK3_Login\src\ImGuiDemo.cc(23,46): error C2065: 'Terrains': identificador no declarado
C:\Users\lumij\Documents\Segundo_Prg\prog_graph_jimenezmu\EDK3_Login\src\ImGuiDemo.cc(23,12): error C3861: 'SliderFloat': no se encontró el identificador
C:\Users\lumij\Documents\Segundo_Prg\prog_graph_jimenezmu\EDK3_Login\src\ImGuiDemo.cc(24,5): error C2653: 'ImGui': no es un nombre de clase o espacio de nombres
C:\Users\lumij\Documents\Segundo_Prg\prog_graph_jimenezmu\EDK3_Login\src\ImGuiDemo.cc(24,33): error C2065: 'Terrains': identificador no declarado
C:\Users\lumij\Documents\Segundo_Prg\prog_graph_jimenezmu\EDK3_Login\src\ImGuiDemo.cc(24,12): error C3861: 'SliderFloat': no se encontró el identificador
C:\Users\lumij\Documents\Segundo_Prg\prog_graph_jimenezmu\EDK3_Login\src\ImGuiDemo.cc(25,5): error C2653: 'ImGui': no es un nombre de clase o espacio de nombres
C:\Users\lumij\Documents\Segundo_Prg\prog_graph_jimenezmu\EDK3_Login\src\ImGuiDemo.cc(25,39): error C2065: 'Terrains': identificador no declarado
C:\Users\lumij\Documents\Segundo_Prg\prog_graph_jimenezmu\EDK3_Login\src\ImGuiDemo.cc(25,12): error C3861: 'SliderFloat': no se encontró el identificador
C:\Users\lumij\Documents\Segundo_Prg\prog_graph_jimenezmu\EDK3_Login\src\ImGuiDemo.cc(26,5): error C2653: 'ImGui': no es un nombre de clase o espacio de nombres
C:\Users\lumij\Documents\Segundo_Prg\prog_graph_jimenezmu\EDK3_Login\src\ImGuiDemo.cc(26,49): error C2065: 'Terrains': identificador no declarado
C:\Users\lumij\Documents\Segundo_Prg\prog_graph_jimenezmu\EDK3_Login\src\ImGuiDemo.cc(26,12): error C3861: 'SliderFloat': no se encontró el identificador
C:\Users\lumij\Documents\Segundo_Prg\prog_graph_jimenezmu\EDK3_Login\src\ImGuiDemo.cc(28,5): error C2653: 'ImGui': no es un nombre de clase o espacio de nombres
C:\Users\lumij\Documents\Segundo_Prg\prog_graph_jimenezmu\EDK3_Login\src\ImGuiDemo.cc(28,39): error C2065: 'Terrains': identificador no declarado
C:\Users\lumij\Documents\Segundo_Prg\prog_graph_jimenezmu\EDK3_Login\src\ImGuiDemo.cc(28,12): error C3861: 'Checkbox': no se encontró el identificador
C:\Users\lumij\Documents\Segundo_Prg\prog_graph_jimenezmu\EDK3_Login\src\ImGuiDemo.cc(29,5): error C2653: 'ImGui': no es un nombre de clase o espacio de nombres
C:\Users\lumij\Documents\Segundo_Prg\prog_graph_jimenezmu\EDK3_Login\src\ImGuiDemo.cc(29,37): error C2065: 'Terrains': identificador no declarado
C:\Users\lumij\Documents\Segundo_Prg\prog_graph_jimenezmu\EDK3_Login\src\ImGuiDemo.cc(29,12): error C3861: 'Checkbox': no se encontró el identificador
C:\Users\lumij\Documents\Segundo_Prg\prog_graph_jimenezmu\EDK3_Login\src\ImGuiDemo.cc(30,5): error C2653: 'ImGui': no es un nombre de clase o espacio de nombres
C:\Users\lumij\Documents\Segundo_Prg\prog_graph_jimenezmu\EDK3_Login\src\ImGuiDemo.cc(30,36): error C2065: 'Terrains': identificador no declarado
C:\Users\lumij\Documents\Segundo_Prg\prog_graph_jimenezmu\EDK3_Login\src\ImGuiDemo.cc(30,12): error C3861: 'InputFloat3': no se encontró el identificador
C:\Users\lumij\Documents\Segundo_Prg\prog_graph_jimenezmu\EDK3_Login\src\ImGuiDemo.cc(31,5): error C2653: 'ImGui': no es un nombre de clase o espacio de nombres
C:\Users\lumij\Documents\Segundo_Prg\prog_graph_jimenezmu\EDK3_Login\src\ImGuiDemo.cc(31,31): error C2065: 'Terrains': identificador no declarado
C:\Users\lumij\Documents\Segundo_Prg\prog_graph_jimenezmu\EDK3_Login\src\ImGuiDemo.cc(31,12): error C3861: 'InputFloat3': no se encontró el identificador
C:\Users\lumij\Documents\Segundo_Prg\prog_graph_jimenezmu\EDK3_Login\src\ImGuiDemo.cc(34,9): error C2653: 'ImGui': no es un nombre de clase o espacio de nombres
C:\Users\lumij\Documents\Segundo_Prg\prog_graph_jimenezmu\EDK3_Login\src\ImGuiDemo.cc(34,16): error C3861: 'BeginMainMenuBar': no se encontró el identificador
C:\Users\lumij\Documents\Segundo_Prg\prog_graph_jimenezmu\EDK3_Login\src\ImGuiDemo.cc(35,13): error C2653: 'ImGui': no es un nombre de clase o espacio de nombres
C:\Users\lumij\Documents\Segundo_Prg\prog_graph_jimenezmu\EDK3_Login\src\ImGuiDemo.cc(35,20): error C3861: 'BeginMenu': no se encontró el identificador
C:\Users\lumij\Documents\Segundo_Prg\prog_graph_jimenezmu\EDK3_Login\src\ImGuiDemo.cc(36,17): error C2653: 'ImGui': no es un nombre de clase o espacio de nombres
C:\Users\lumij\Documents\Segundo_Prg\prog_graph_jimenezmu\EDK3_Login\src\ImGuiDemo.cc(36,24): error C3861: 'BeginMenu': no se encontró el identificador
C:\Users\lumij\Documents\Segundo_Prg\prog_graph_jimenezmu\EDK3_Login\src\ImGuiDemo.cc(39,21): error C2653: 'ImGui': no es un nombre de clase o espacio de nombres
C:\Users\lumij\Documents\Segundo_Prg\prog_graph_jimenezmu\EDK3_Login\src\ImGuiDemo.cc(39,28): error C3861: 'MenuItem': no se encontró el identificador
C:\Users\lumij\Documents\Segundo_Prg\prog_graph_jimenezmu\EDK3_Login\src\ImGuiDemo.cc(48,17): error C2653: 'ImGui': no es un nombre de clase o espacio de nombres
C:\Users\lumij\Documents\Segundo_Prg\prog_graph_jimenezmu\EDK3_Login\src\ImGuiDemo.cc(48,24): error C3861: 'EndMenu': no se encontró el identificador
C:\Users\lumij\Documents\Segundo_Prg\prog_graph_jimenezmu\EDK3_Login\src\ImGuiDemo.cc(50,13): error C2653: 'ImGui': no es un nombre de clase o espacio de nombres
C:\Users\lumij\Documents\Segundo_Prg\prog_graph_jimenezmu\EDK3_Login\src\ImGuiDemo.cc(50,20): error C3861: 'EndMenu': no se encontró el identificador
C:\Users\lumij\Documents\Segundo_Prg\prog_graph_jimenezmu\EDK3_Login\src\ImGuiDemo.cc(53,9): error C2653: 'ImGui': no es un nombre de clase o espacio de nombres
C:\Users\lumij\Documents\Segundo_Prg\prog_graph_jimenezmu\EDK3_Login\src\ImGuiDemo.cc(53,16): error C3861: 'EndMainMenuBar': no se encontró el identificador
C:\Users\lumij\Documents\Segundo_Prg\prog_graph_jimenezmu\EDK3_Login\src\ImGuiDemo.cc(57,5): error C2653: 'ImGui': no es un nombre de clase o espacio de nombres
C:\Users\lumij\Documents\Segundo_Prg\prog_graph_jimenezmu\EDK3_Login\src\ImGuiDemo.cc(57,12): error C3861: 'End': no se encontró el identificador
C:\Users\lumij\Documents\Segundo_Prg\prog_graph_jimenezmu\EDK3_Login\src\ImGuiDemo.cc(64,5): error C2653: 'ImGui': no es un nombre de clase o espacio de nombres
C:\Users\lumij\Documents\Segundo_Prg\prog_graph_jimenezmu\EDK3_Login\src\ImGuiDemo.cc(64,12): error C3861: 'Begin': no se encontró el identificador
C:\Users\lumij\Documents\Segundo_Prg\prog_graph_jimenezmu\EDK3_Login\src\ImGuiDemo.cc(66,5): error C2653: 'ImGui': no es un nombre de clase o espacio de nombres
C:\Users\lumij\Documents\Segundo_Prg\prog_graph_jimenezmu\EDK3_Login\src\ImGuiDemo.cc(66,12): error C3861: 'Text': no se encontró el identificador
C:\Users\lumij\Documents\Segundo_Prg\prog_graph_jimenezmu\EDK3_Login\src\ImGuiDemo.cc(67,5): error C2653: 'ImGui': no es un nombre de clase o espacio de nombres
C:\Users\lumij\Documents\Segundo_Prg\prog_graph_jimenezmu\EDK3_Login\src\ImGuiDemo.cc(67,12): error C3861: 'DragFloat3': no se encontró el identificador
C:\Users\lumij\Documents\Segundo_Prg\prog_graph_jimenezmu\EDK3_Login\src\ImGuiDemo.cc(68,5): error C2653: 'ImGui': no es un nombre de clase o espacio de nombres
C:\Users\lumij\Documents\Segundo_Prg\prog_graph_jimenezmu\EDK3_Login\src\ImGuiDemo.cc(68,12): error C3861: 'ColorEdit3': no se encontró el identificador
C:\Users\lumij\Documents\Segundo_Prg\prog_graph_jimenezmu\EDK3_Login\src\ImGuiDemo.cc(70,12): error C2065: 'Materials': identificador no declarado
C:\Users\lumij\Documents\Segundo_Prg\prog_graph_jimenezmu\EDK3_Login\src\ImGuiDemo.cc(70,5): error C3861: 'memcpy': no se encontró el identificador
C:\Users\lumij\Documents\Segundo_Prg\prog_graph_jimenezmu\EDK3_Login\src\ImGuiDemo.cc(71,12): error C2065: 'Materials': identificador no declarado
C:\Users\lumij\Documents\Segundo_Prg\prog_graph_jimenezmu\EDK3_Login\src\ImGuiDemo.cc(71,5): error C3861: 'memcpy': no se encontró el identificador
C:\Users\lumij\Documents\Segundo_Prg\prog_graph_jimenezmu\EDK3_Login\src\ImGuiDemo.cc(73,12): error C2065: 'Materials': identificador no declarado
C:\Users\lumij\Documents\Segundo_Prg\prog_graph_jimenezmu\EDK3_Login\src\ImGuiDemo.cc(73,5): error C3861: 'memcpy': no se encontró el identificador
C:\Users\lumij\Documents\Segundo_Prg\prog_graph_jimenezmu\EDK3_Login\src\ImGuiDemo.cc(74,12): error C2065: 'Materials': identificador no declarado
C:\Users\lumij\Documents\Segundo_Prg\prog_graph_jimenezmu\EDK3_Login\src\ImGuiDemo.cc(74,5): error C3861: 'memcpy': no se encontró el identificador
C:\Users\lumij\Documents\Segundo_Prg\prog_graph_jimenezmu\EDK3_Login\src\ImGuiDemo.cc(76,5): error C2653: 'ImGui': no es un nombre de clase o espacio de nombres
C:\Users\lumij\Documents\Segundo_Prg\prog_graph_jimenezmu\EDK3_Login\src\ImGuiDemo.cc(76,12): error C3861: 'End': no se encontró el identificador
  custom_gpu_buffer.cc
  main.cc
C:\Users\lumij\Documents\Segundo_Prg\prog_graph_jimenezmu\EDK3_Login\include\math_library\math_utils.h(15,46): warning C4100: 'copy': parámetro formal sin referencia
C:\Users\lumij\Documents\Segundo_Prg\prog_graph_jimenezmu\EDK3_Login\tests\main.cc(63,13): error C2039: "matSettings": no es un miembro de "EDK3::scoped_array<EDK3::ref_ptr<Material>,unsigned int>"
C:\Users\lumij\Documents\Segundo_Prg\prog_graph_jimenezmu\EDK3_Login\include\DataStructure.h(96,7): message : vea la declaración de 'EDK3::scoped_array<EDK3::ref_ptr<Material>,unsigned int>'
C:\Users\lumij\Documents\Segundo_Prg\prog_graph_jimenezmu\EDK3_Login\tests\main.cc(64,20): error C2039: "matSettings": no es un miembro de "EDK3::scoped_array<EDK3::ref_ptr<Material>,unsigned int>"
C:\Users\lumij\Documents\Segundo_Prg\prog_graph_jimenezmu\EDK3_Login\include\DataStructure.h(96,7): message : vea la declaración de 'EDK3::scoped_array<EDK3::ref_ptr<Material>,unsigned int>'
C:\Users\lumij\Documents\Segundo_Prg\prog_graph_jimenezmu\EDK3_Login\tests\main.cc(65,20): error C2039: "matSettings": no es un miembro de "EDK3::scoped_array<EDK3::ref_ptr<Material>,unsigned int>"
C:\Users\lumij\Documents\Segundo_Prg\prog_graph_jimenezmu\EDK3_Login\include\DataStructure.h(96,7): message : vea la declaración de 'EDK3::scoped_array<EDK3::ref_ptr<Material>,unsigned int>'
C:\Users\lumij\Documents\Segundo_Prg\prog_graph_jimenezmu\EDK3_Login\tests\main.cc(66,20): error C2039: "matSettings": no es un miembro de "EDK3::scoped_array<EDK3::ref_ptr<Material>,unsigned int>"
C:\Users\lumij\Documents\Segundo_Prg\prog_graph_jimenezmu\EDK3_Login\include\DataStructure.h(96,7): message : vea la declaración de 'EDK3::scoped_array<EDK3::ref_ptr<Material>,unsigned int>'
C:\Users\lumij\Documents\Segundo_Prg\prog_graph_jimenezmu\EDK3_Login\tests\main.cc(67,20): error C2039: "matSettings": no es un miembro de "EDK3::scoped_array<EDK3::ref_ptr<Material>,unsigned int>"
C:\Users\lumij\Documents\Segundo_Prg\prog_graph_jimenezmu\EDK3_Login\include\DataStructure.h(96,7): message : vea la declaración de 'EDK3::scoped_array<EDK3::ref_ptr<Material>,unsigned int>'
C:\Users\lumij\Documents\Segundo_Prg\prog_graph_jimenezmu\EDK3_Login\tests\main.cc(69,13): error C2039: "matSettings": no es un miembro de "EDK3::scoped_array<EDK3::ref_ptr<Material>,unsigned int>"
C:\Users\lumij\Documents\Segundo_Prg\prog_graph_jimenezmu\EDK3_Login\include\DataStructure.h(96,7): message : vea la declaración de 'EDK3::scoped_array<EDK3::ref_ptr<Material>,unsigned int>'
C:\Users\lumij\Documents\Segundo_Prg\prog_graph_jimenezmu\EDK3_Login\tests\main.cc(70,13): error C2039: "matSettings": no es un miembro de "EDK3::scoped_array<EDK3::ref_ptr<Material>,unsigned int>"
C:\Users\lumij\Documents\Segundo_Prg\prog_graph_jimenezmu\EDK3_Login\include\DataStructure.h(96,7): message : vea la declaración de 'EDK3::scoped_array<EDK3::ref_ptr<Material>,unsigned int>'
C:\Users\lumij\Documents\Segundo_Prg\prog_graph_jimenezmu\EDK3_Login\tests\main.cc(71,13): error C2039: "matSettings": no es un miembro de "EDK3::scoped_array<EDK3::ref_ptr<Material>,unsigned int>"
C:\Users\lumij\Documents\Segundo_Prg\prog_graph_jimenezmu\EDK3_Login\include\DataStructure.h(96,7): message : vea la declaración de 'EDK3::scoped_array<EDK3::ref_ptr<Material>,unsigned int>'
C:\Users\lumij\Documents\Segundo_Prg\prog_graph_jimenezmu\EDK3_Login\tests\main.cc(72,13): error C2039: "matSettings": no es un miembro de "EDK3::scoped_array<EDK3::ref_ptr<Material>,unsigned int>"
C:\Users\lumij\Documents\Segundo_Prg\prog_graph_jimenezmu\EDK3_Login\include\DataStructure.h(96,7): message : vea la declaración de 'EDK3::scoped_array<EDK3::ref_ptr<Material>,unsigned int>'
C:\Users\lumij\Documents\Segundo_Prg\prog_graph_jimenezmu\EDK3_Login\tests\main.cc(73,13): error C2039: "matSettings": no es un miembro de "EDK3::scoped_array<EDK3::ref_ptr<Material>,unsigned int>"
C:\Users\lumij\Documents\Segundo_Prg\prog_graph_jimenezmu\EDK3_Login\include\DataStructure.h(96,7): message : vea la declaración de 'EDK3::scoped_array<EDK3::ref_ptr<Material>,unsigned int>'
C:\Users\lumij\Documents\Segundo_Prg\prog_graph_jimenezmu\EDK3_Login\tests\main.cc(74,20): error C2039: "matSettings": no es un miembro de "EDK3::scoped_array<EDK3::ref_ptr<Material>,unsigned int>"
C:\Users\lumij\Documents\Segundo_Prg\prog_graph_jimenezmu\EDK3_Login\include\DataStructure.h(96,7): message : vea la declaración de 'EDK3::scoped_array<EDK3::ref_ptr<Material>,unsigned int>'
C:\Users\lumij\Documents\Segundo_Prg\prog_graph_jimenezmu\EDK3_Login\tests\main.cc(76,13): error C2039: "matSettings": no es un miembro de "EDK3::scoped_array<EDK3::ref_ptr<Material>,unsigned int>"
C:\Users\lumij\Documents\Segundo_Prg\prog_graph_jimenezmu\EDK3_Login\include\DataStructure.h(96,7): message : vea la declaración de 'EDK3::scoped_array<EDK3::ref_ptr<Material>,unsigned int>'
C:\Users\lumij\Documents\Segundo_Prg\prog_graph_jimenezmu\EDK3_Login\tests\main.cc(79,13): error C2039: "matSettings_water": no es un miembro de "EDK3::scoped_array<EDK3::ref_ptr<Material>,unsigned int>"
C:\Users\lumij\Documents\Segundo_Prg\prog_graph_jimenezmu\EDK3_Login\include\DataStructure.h(96,7): message : vea la declaración de 'EDK3::scoped_array<EDK3::ref_ptr<Material>,unsigned int>'
C:\Users\lumij\Documents\Segundo_Prg\prog_graph_jimenezmu\EDK3_Login\tests\main.cc(80,20): error C2039: "matSettings_water": no es un miembro de "EDK3::scoped_array<EDK3::ref_ptr<Material>,unsigned int>"
C:\Users\lumij\Documents\Segundo_Prg\prog_graph_jimenezmu\EDK3_Login\include\DataStructure.h(96,7): message : vea la declaración de 'EDK3::scoped_array<EDK3::ref_ptr<Material>,unsigned int>'
C:\Users\lumij\Documents\Segundo_Prg\prog_graph_jimenezmu\EDK3_Login\tests\main.cc(81,20): error C2039: "matSettings_water": no es un miembro de "EDK3::scoped_array<EDK3::ref_ptr<Material>,unsigned int>"
C:\Users\lumij\Documents\Segundo_Prg\prog_graph_jimenezmu\EDK3_Login\include\DataStructure.h(96,7): message : vea la declaración de 'EDK3::scoped_array<EDK3::ref_ptr<Material>,unsigned int>'
C:\Users\lumij\Documents\Segundo_Prg\prog_graph_jimenezmu\EDK3_Login\tests\main.cc(82,20): error C2039: "matSettings_water": no es un miembro de "EDK3::scoped_array<EDK3::ref_ptr<Material>,unsigned int>"
C:\Users\lumij\Documents\Segundo_Prg\prog_graph_jimenezmu\EDK3_Login\include\DataStructure.h(96,7): message : vea la declaración de 'EDK3::scoped_array<EDK3::ref_ptr<Material>,unsigned int>'
C:\Users\lumij\Documents\Segundo_Prg\prog_graph_jimenezmu\EDK3_Login\tests\main.cc(83,20): error C2039: "matSettings_water": no es un miembro de "EDK3::scoped_array<EDK3::ref_ptr<Material>,unsigned int>"
C:\Users\lumij\Documents\Segundo_Prg\prog_graph_jimenezmu\EDK3_Login\include\DataStructure.h(96,7): message : vea la declaración de 'EDK3::scoped_array<EDK3::ref_ptr<Material>,unsigned int>'
C:\Users\lumij\Documents\Segundo_Prg\prog_graph_jimenezmu\EDK3_Login\tests\main.cc(85,13): error C2039: "matSettings_water": no es un miembro de "EDK3::scoped_array<EDK3::ref_ptr<Material>,unsigned int>"
C:\Users\lumij\Documents\Segundo_Prg\prog_graph_jimenezmu\EDK3_Login\include\DataStructure.h(96,7): message : vea la declaración de 'EDK3::scoped_array<EDK3::ref_ptr<Material>,unsigned int>'
C:\Users\lumij\Documents\Segundo_Prg\prog_graph_jimenezmu\EDK3_Login\tests\main.cc(86,13): error C2039: "matSettings_water": no es un miembro de "EDK3::scoped_array<EDK3::ref_ptr<Material>,unsigned int>"
C:\Users\lumij\Documents\Segundo_Prg\prog_graph_jimenezmu\EDK3_Login\include\DataStructure.h(96,7): message : vea la declaración de 'EDK3::scoped_array<EDK3::ref_ptr<Material>,unsigned int>'
C:\Users\lumij\Documents\Segundo_Prg\prog_graph_jimenezmu\EDK3_Login\tests\main.cc(87,13): error C2039: "matSettings_water": no es un miembro de "EDK3::scoped_array<EDK3::ref_ptr<Material>,unsigned int>"
C:\Users\lumij\Documents\Segundo_Prg\prog_graph_jimenezmu\EDK3_Login\include\DataStructure.h(96,7): message : vea la declaración de 'EDK3::scoped_array<EDK3::ref_ptr<Material>,unsigned int>'
C:\Users\lumij\Documents\Segundo_Prg\prog_graph_jimenezmu\EDK3_Login\tests\main.cc(88,13): error C2039: "matSettings_water": no es un miembro de "EDK3::scoped_array<EDK3::ref_ptr<Material>,unsigned int>"
C:\Users\lumij\Documents\Segundo_Prg\prog_graph_jimenezmu\EDK3_Login\include\DataStructure.h(96,7): message : vea la declaración de 'EDK3::scoped_array<EDK3::ref_ptr<Material>,unsigned int>'
C:\Users\lumij\Documents\Segundo_Prg\prog_graph_jimenezmu\EDK3_Login\tests\main.cc(89,13): error C2039: "matSettings_water": no es un miembro de "EDK3::scoped_array<EDK3::ref_ptr<Material>,unsigned int>"
C:\Users\lumij\Documents\Segundo_Prg\prog_graph_jimenezmu\EDK3_Login\include\DataStructure.h(96,7): message : vea la declaración de 'EDK3::scoped_array<EDK3::ref_ptr<Material>,unsigned int>'
C:\Users\lumij\Documents\Segundo_Prg\prog_graph_jimenezmu\EDK3_Login\tests\main.cc(90,20): error C2039: "matSettings_water": no es un miembro de "EDK3::scoped_array<EDK3::ref_ptr<Material>,unsigned int>"
C:\Users\lumij\Documents\Segundo_Prg\prog_graph_jimenezmu\EDK3_Login\include\DataStructure.h(96,7): message : vea la declaración de 'EDK3::scoped_array<EDK3::ref_ptr<Material>,unsigned int>'
C:\Users\lumij\Documents\Segundo_Prg\prog_graph_jimenezmu\EDK3_Login\tests\main.cc(92,13): error C2039: "matSettings_water": no es un miembro de "EDK3::scoped_array<EDK3::ref_ptr<Material>,unsigned int>"
C:\Users\lumij\Documents\Segundo_Prg\prog_graph_jimenezmu\EDK3_Login\include\DataStructure.h(96,7): message : vea la declaración de 'EDK3::scoped_array<EDK3::ref_ptr<Material>,unsigned int>'
C:\Users\lumij\Documents\Segundo_Prg\prog_graph_jimenezmu\EDK3_Login\tests\main.cc(115,15): error C2039: "mat": no es un miembro de "EDK3::scoped_array<EDK3::ref_ptr<Material>,unsigned int>"
C:\Users\lumij\Documents\Segundo_Prg\prog_graph_jimenezmu\EDK3_Login\include\DataStructure.h(96,7): message : vea la declaración de 'EDK3::scoped_array<EDK3::ref_ptr<Material>,unsigned int>'
C:\Users\lumij\Documents\Segundo_Prg\prog_graph_jimenezmu\EDK3_Login\tests\main.cc(116,15): error C2039: "matSettings": no es un miembro de "EDK3::scoped_array<EDK3::ref_ptr<Material>,unsigned int>"
C:\Users\lumij\Documents\Segundo_Prg\prog_graph_jimenezmu\EDK3_Login\include\DataStructure.h(96,7): message : vea la declaración de 'EDK3::scoped_array<EDK3::ref_ptr<Material>,unsigned int>'
C:\Users\lumij\Documents\Segundo_Prg\prog_graph_jimenezmu\EDK3_Login\tests\main.cc(118,15): error C2039: "mat": no es un miembro de "EDK3::scoped_array<EDK3::ref_ptr<Material>,unsigned int>"
C:\Users\lumij\Documents\Segundo_Prg\prog_graph_jimenezmu\EDK3_Login\include\DataStructure.h(96,7): message : vea la declaración de 'EDK3::scoped_array<EDK3::ref_ptr<Material>,unsigned int>'
C:\Users\lumij\Documents\Segundo_Prg\prog_graph_jimenezmu\EDK3_Login\tests\main.cc(119,15): error C2039: "mat": no es un miembro de "EDK3::scoped_array<EDK3::ref_ptr<Material>,unsigned int>"
C:\Users\lumij\Documents\Segundo_Prg\prog_graph_jimenezmu\EDK3_Login\include\DataStructure.h(96,7): message : vea la declaración de 'EDK3::scoped_array<EDK3::ref_ptr<Material>,unsigned int>'
C:\Users\lumij\Documents\Segundo_Prg\prog_graph_jimenezmu\EDK3_Login\tests\main.cc(122,15): error C2039: "matSettings": no es un miembro de "EDK3::scoped_array<EDK3::ref_ptr<Material>,unsigned int>"
C:\Users\lumij\Documents\Segundo_Prg\prog_graph_jimenezmu\EDK3_Login\include\DataStructure.h(96,7): message : vea la declaración de 'EDK3::scoped_array<EDK3::ref_ptr<Material>,unsigned int>'
C:\Users\lumij\Documents\Segundo_Prg\prog_graph_jimenezmu\EDK3_Login\tests\main.cc(123,15): error C2039: "matSettings": no es un miembro de "EDK3::scoped_array<EDK3::ref_ptr<Material>,unsigned int>"
C:\Users\lumij\Documents\Segundo_Prg\prog_graph_jimenezmu\EDK3_Login\include\DataStructure.h(96,7): message : vea la declaración de 'EDK3::scoped_array<EDK3::ref_ptr<Material>,unsigned int>'
C:\Users\lumij\Documents\Segundo_Prg\prog_graph_jimenezmu\EDK3_Login\tests\main.cc(123,49): error C2039: "texture": no es un miembro de "EDK3::scoped_array<EDK3::ref_ptr<Texture>,unsigned int>"
C:\Users\lumij\Documents\Segundo_Prg\prog_graph_jimenezmu\EDK3_Login\include\DataStructure.h(95,7): message : vea la declaración de 'EDK3::scoped_array<EDK3::ref_ptr<Texture>,unsigned int>'
C:\Users\lumij\Documents\Segundo_Prg\prog_graph_jimenezmu\EDK3_Login\tests\main.cc(127,15): error C2039: "mat_water": no es un miembro de "EDK3::scoped_array<EDK3::ref_ptr<Material>,unsigned int>"
C:\Users\lumij\Documents\Segundo_Prg\prog_graph_jimenezmu\EDK3_Login\include\DataStructure.h(96,7): message : vea la declaración de 'EDK3::scoped_array<EDK3::ref_ptr<Material>,unsigned int>'
C:\Users\lumij\Documents\Segundo_Prg\prog_graph_jimenezmu\EDK3_Login\tests\main.cc(128,15): error C2039: "matSettings_water": no es un miembro de "EDK3::scoped_array<EDK3::ref_ptr<Material>,unsigned int>"
C:\Users\lumij\Documents\Segundo_Prg\prog_graph_jimenezmu\EDK3_Login\include\DataStructure.h(96,7): message : vea la declaración de 'EDK3::scoped_array<EDK3::ref_ptr<Material>,unsigned int>'
C:\Users\lumij\Documents\Segundo_Prg\prog_graph_jimenezmu\EDK3_Login\tests\main.cc(130,15): error C2039: "mat_water": no es un miembro de "EDK3::scoped_array<EDK3::ref_ptr<Material>,unsigned int>"
C:\Users\lumij\Documents\Segundo_Prg\prog_graph_jimenezmu\EDK3_Login\include\DataStructure.h(96,7): message : vea la declaración de 'EDK3::scoped_array<EDK3::ref_ptr<Material>,unsigned int>'
C:\Users\lumij\Documents\Segundo_Prg\prog_graph_jimenezmu\EDK3_Login\tests\main.cc(131,15): error C2039: "mat_water": no es un miembro de "EDK3::scoped_array<EDK3::ref_ptr<Material>,unsigned int>"
C:\Users\lumij\Documents\Segundo_Prg\prog_graph_jimenezmu\EDK3_Login\include\DataStructure.h(96,7): message : vea la declaración de 'EDK3::scoped_array<EDK3::ref_ptr<Material>,unsigned int>'
C:\Users\lumij\Documents\Segundo_Prg\prog_graph_jimenezmu\EDK3_Login\tests\main.cc(134,15): error C2039: "matSettings_water": no es un miembro de "EDK3::scoped_array<EDK3::ref_ptr<Material>,unsigned int>"
C:\Users\lumij\Documents\Segundo_Prg\prog_graph_jimenezmu\EDK3_Login\include\DataStructure.h(96,7): message : vea la declaración de 'EDK3::scoped_array<EDK3::ref_ptr<Material>,unsigned int>'
C:\Users\lumij\Documents\Segundo_Prg\prog_graph_jimenezmu\EDK3_Login\tests\main.cc(135,15): error C2039: "matSettings_water": no es un miembro de "EDK3::scoped_array<EDK3::ref_ptr<Material>,unsigned int>"
C:\Users\lumij\Documents\Segundo_Prg\prog_graph_jimenezmu\EDK3_Login\include\DataStructure.h(96,7): message : vea la declaración de 'EDK3::scoped_array<EDK3::ref_ptr<Material>,unsigned int>'
C:\Users\lumij\Documents\Segundo_Prg\prog_graph_jimenezmu\EDK3_Login\tests\main.cc(135,55): error C2039: "texture_water": no es un miembro de "EDK3::scoped_array<EDK3::ref_ptr<Texture>,unsigned int>"
C:\Users\lumij\Documents\Segundo_Prg\prog_graph_jimenezmu\EDK3_Login\include\DataStructure.h(95,7): message : vea la declaración de 'EDK3::scoped_array<EDK3::ref_ptr<Texture>,unsigned int>'
C:\Users\lumij\Documents\Segundo_Prg\prog_graph_jimenezmu\EDK3_Login\tests\main.cc(140,58): error C2039: "texture": no es un miembro de "EDK3::scoped_array<EDK3::ref_ptr<Texture>,unsigned int>"
C:\Users\lumij\Documents\Segundo_Prg\prog_graph_jimenezmu\EDK3_Login\include\DataStructure.h(95,7): message : vea la declaración de 'EDK3::scoped_array<EDK3::ref_ptr<Texture>,unsigned int>'
C:\Users\lumij\Documents\Segundo_Prg\prog_graph_jimenezmu\EDK3_Login\tests\main.cc(140,20): error C2660: 'EDK3::Texture::Load': la función no acepta 1 argumentos
C:\Users\lumij\Documents\Segundo_Prg\prog_graph_jimenezmu\EDK3_Login\deps\EDK\include\EDK3\texture.h(114,17): message : vea la declaración de 'EDK3::Texture::Load'
C:\Users\lumij\Documents\Segundo_Prg\prog_graph_jimenezmu\EDK3_Login\tests\main.cc(140,20): message : al hacer coincidir la lista de argumentos '(const char [20])'
C:\Users\lumij\Documents\Segundo_Prg\prog_graph_jimenezmu\EDK3_Login\tests\main.cc(141,19): error C2039: "texture": no es un miembro de "EDK3::scoped_array<EDK3::ref_ptr<Texture>,unsigned int>"
C:\Users\lumij\Documents\Segundo_Prg\prog_graph_jimenezmu\EDK3_Login\include\DataStructure.h(95,7): message : vea la declaración de 'EDK3::scoped_array<EDK3::ref_ptr<Texture>,unsigned int>'
C:\Users\lumij\Documents\Segundo_Prg\prog_graph_jimenezmu\EDK3_Login\tests\main.cc(145,60): error C2039: "texture_water": no es un miembro de "EDK3::scoped_array<EDK3::ref_ptr<Texture>,unsigned int>"
C:\Users\lumij\Documents\Segundo_Prg\prog_graph_jimenezmu\EDK3_Login\include\DataStructure.h(95,7): message : vea la declaración de 'EDK3::scoped_array<EDK3::ref_ptr<Texture>,unsigned int>'
C:\Users\lumij\Documents\Segundo_Prg\prog_graph_jimenezmu\EDK3_Login\tests\main.cc(145,20): error C2660: 'EDK3::Texture::Load': la función no acepta 1 argumentos
C:\Users\lumij\Documents\Segundo_Prg\prog_graph_jimenezmu\EDK3_Login\deps\EDK\include\EDK3\texture.h(114,17): message : vea la declaración de 'EDK3::Texture::Load'
C:\Users\lumij\Documents\Segundo_Prg\prog_graph_jimenezmu\EDK3_Login\tests\main.cc(145,20): message : al hacer coincidir la lista de argumentos '(const char [22])'
C:\Users\lumij\Documents\Segundo_Prg\prog_graph_jimenezmu\EDK3_Login\tests\main.cc(146,19): error C2039: "texture_water": no es un miembro de "EDK3::scoped_array<EDK3::ref_ptr<Texture>,unsigned int>"
C:\Users\lumij\Documents\Segundo_Prg\prog_graph_jimenezmu\EDK3_Login\include\DataStructure.h(95,7): message : vea la declaración de 'EDK3::scoped_array<EDK3::ref_ptr<Texture>,unsigned int>'
C:\Users\lumij\Documents\Segundo_Prg\prog_graph_jimenezmu\EDK3_Login\tests\main.cc(194,34): error C2039: "mat": no es un miembro de "EDK3::scoped_array<EDK3::ref_ptr<Material>,unsigned int>"
C:\Users\lumij\Documents\Segundo_Prg\prog_graph_jimenezmu\EDK3_Login\include\DataStructure.h(96,7): message : vea la declaración de 'EDK3::scoped_array<EDK3::ref_ptr<Material>,unsigned int>'
C:\Users\lumij\Documents\Segundo_Prg\prog_graph_jimenezmu\EDK3_Login\tests\main.cc(195,43): error C2039: "matSettings": no es un miembro de "EDK3::scoped_array<EDK3::ref_ptr<Material>,unsigned int>"
C:\Users\lumij\Documents\Segundo_Prg\prog_graph_jimenezmu\EDK3_Login\include\DataStructure.h(96,7): message : vea la declaración de 'EDK3::scoped_array<EDK3::ref_ptr<Material>,unsigned int>'
C:\Users\lumij\Documents\Segundo_Prg\prog_graph_jimenezmu\EDK3_Login\tests\main.cc(216,34): error C2039: "mat_water": no es un miembro de "EDK3::scoped_array<EDK3::ref_ptr<Material>,unsigned int>"
C:\Users\lumij\Documents\Segundo_Prg\prog_graph_jimenezmu\EDK3_Login\include\DataStructure.h(96,7): message : vea la declaración de 'EDK3::scoped_array<EDK3::ref_ptr<Material>,unsigned int>'
C:\Users\lumij\Documents\Segundo_Prg\prog_graph_jimenezmu\EDK3_Login\tests\main.cc(217,43): error C2039: "matSettings_water": no es un miembro de "EDK3::scoped_array<EDK3::ref_ptr<Material>,unsigned int>"
C:\Users\lumij\Documents\Segundo_Prg\prog_graph_jimenezmu\EDK3_Login\include\DataStructure.h(96,7): message : vea la declaración de 'EDK3::scoped_array<EDK3::ref_ptr<Material>,unsigned int>'
C:\Users\lumij\Documents\Segundo_Prg\prog_graph_jimenezmu\EDK3_Login\tests\main.cc(262,45): error C2039: "mat": no es un miembro de "EDK3::scoped_array<EDK3::ref_ptr<Material>,unsigned int>"
C:\Users\lumij\Documents\Segundo_Prg\prog_graph_jimenezmu\EDK3_Login\include\DataStructure.h(96,7): message : vea la declaración de 'EDK3::scoped_array<EDK3::ref_ptr<Material>,unsigned int>'
C:\Users\lumij\Documents\Segundo_Prg\prog_graph_jimenezmu\EDK3_Login\tests\main.cc(262,66): error C2039: "matSettings": no es un miembro de "EDK3::scoped_array<EDK3::ref_ptr<Material>,unsigned int>"
C:\Users\lumij\Documents\Segundo_Prg\prog_graph_jimenezmu\EDK3_Login\include\DataStructure.h(96,7): message : vea la declaración de 'EDK3::scoped_array<EDK3::ref_ptr<Material>,unsigned int>'
C:\Users\lumij\Documents\Segundo_Prg\prog_graph_jimenezmu\EDK3_Login\tests\main.cc(262,3): error C2660: 'AddDrawable': la función no acepta 5 argumentos
C:\Users\lumij\Documents\Segundo_Prg\prog_graph_jimenezmu\EDK3_Login\tests\main.cc(152,6): message : vea la declaración de 'AddDrawable'
C:\Users\lumij\Documents\Segundo_Prg\prog_graph_jimenezmu\EDK3_Login\tests\main.cc(262,3): message : al hacer coincidir la lista de argumentos '(EDK3::Node *, T *, float [3], float [3], const char [7])'
          with
          [
              T=EDK3::SphereCustom
          ]
C:\Users\lumij\Documents\Segundo_Prg\prog_graph_jimenezmu\EDK3_Login\tests\main.cc(272,45): error C2039: "mat": no es un miembro de "EDK3::scoped_array<EDK3::ref_ptr<Material>,unsigned int>"
C:\Users\lumij\Documents\Segundo_Prg\prog_graph_jimenezmu\EDK3_Login\include\DataStructure.h(96,7): message : vea la declaración de 'EDK3::scoped_array<EDK3::ref_ptr<Material>,unsigned int>'
C:\Users\lumij\Documents\Segundo_Prg\prog_graph_jimenezmu\EDK3_Login\tests\main.cc(272,66): error C2039: "matSettings": no es un miembro de "EDK3::scoped_array<EDK3::ref_ptr<Material>,unsigned int>"
C:\Users\lumij\Documents\Segundo_Prg\prog_graph_jimenezmu\EDK3_Login\include\DataStructure.h(96,7): message : vea la declaración de 'EDK3::scoped_array<EDK3::ref_ptr<Material>,unsigned int>'
C:\Users\lumij\Documents\Segundo_Prg\prog_graph_jimenezmu\EDK3_Login\tests\main.cc(272,5): error C2660: 'AddDrawable': la función no acepta 5 argumentos
C:\Users\lumij\Documents\Segundo_Prg\prog_graph_jimenezmu\EDK3_Login\tests\main.cc(152,6): message : vea la declaración de 'AddDrawable'
C:\Users\lumij\Documents\Segundo_Prg\prog_graph_jimenezmu\EDK3_Login\tests\main.cc(272,5): message : al hacer coincidir la lista de argumentos '(EDK3::Node *, T *, float [3], float [3], const char [5])'
          with
          [
              T=EDK3::QuadCustom
          ]
C:\Users\lumij\Documents\Segundo_Prg\prog_graph_jimenezmu\EDK3_Login\tests\main.cc(282,45): error C2039: "mat": no es un miembro de "EDK3::scoped_array<EDK3::ref_ptr<Material>,unsigned int>"
C:\Users\lumij\Documents\Segundo_Prg\prog_graph_jimenezmu\EDK3_Login\include\DataStructure.h(96,7): message : vea la declaración de 'EDK3::scoped_array<EDK3::ref_ptr<Material>,unsigned int>'
C:\Users\lumij\Documents\Segundo_Prg\prog_graph_jimenezmu\EDK3_Login\tests\main.cc(282,66): error C2039: "matSettings": no es un miembro de "EDK3::scoped_array<EDK3::ref_ptr<Material>,unsigned int>"
C:\Users\lumij\Documents\Segundo_Prg\prog_graph_jimenezmu\EDK3_Login\include\DataStructure.h(96,7): message : vea la declaración de 'EDK3::scoped_array<EDK3::ref_ptr<Material>,unsigned int>'
C:\Users\lumij\Documents\Segundo_Prg\prog_graph_jimenezmu\EDK3_Login\tests\main.cc(282,5): error C2660: 'AddDrawable': la función no acepta 5 argumentos
C:\Users\lumij\Documents\Segundo_Prg\prog_graph_jimenezmu\EDK3_Login\tests\main.cc(152,6): message : vea la declaración de 'AddDrawable'
C:\Users\lumij\Documents\Segundo_Prg\prog_graph_jimenezmu\EDK3_Login\tests\main.cc(282,5): message : al hacer coincidir la lista de argumentos '(EDK3::Node *, T *, float [3], float [3], const char [7])'
          with
          [
              T=EDK3::CubeCustom
          ]
C:\Users\lumij\Documents\Segundo_Prg\prog_graph_jimenezmu\EDK3_Login\tests\main.cc(293,45): error C2039: "mat": no es un miembro de "EDK3::scoped_array<EDK3::ref_ptr<Material>,unsigned int>"
C:\Users\lumij\Documents\Segundo_Prg\prog_graph_jimenezmu\EDK3_Login\include\DataStructure.h(96,7): message : vea la declaración de 'EDK3::scoped_array<EDK3::ref_ptr<Material>,unsigned int>'
C:\Users\lumij\Documents\Segundo_Prg\prog_graph_jimenezmu\EDK3_Login\tests\main.cc(293,66): error C2039: "matSettings": no es un miembro de "EDK3::scoped_array<EDK3::ref_ptr<Material>,unsigned int>"
C:\Users\lumij\Documents\Segundo_Prg\prog_graph_jimenezmu\EDK3_Login\include\DataStructure.h(96,7): message : vea la declaración de 'EDK3::scoped_array<EDK3::ref_ptr<Material>,unsigned int>'
C:\Users\lumij\Documents\Segundo_Prg\prog_graph_jimenezmu\EDK3_Login\tests\main.cc(293,5): error C2660: 'AddDrawable': la función no acepta 5 argumentos
C:\Users\lumij\Documents\Segundo_Prg\prog_graph_jimenezmu\EDK3_Login\tests\main.cc(152,6): message : vea la declaración de 'AddDrawable'
C:\Users\lumij\Documents\Segundo_Prg\prog_graph_jimenezmu\EDK3_Login\tests\main.cc(293,5): message : al hacer coincidir la lista de argumentos '(EDK3::Node *, T *, float [3], float [3], const char [6])'
          with
          [
              T=EDK3::CubeCustom
          ]
C:\Users\lumij\Documents\Segundo_Prg\prog_graph_jimenezmu\EDK3_Login\tests\main.cc(307,48): error C2039: "mat": no es un miembro de "EDK3::scoped_array<EDK3::ref_ptr<Material>,unsigned int>"
C:\Users\lumij\Documents\Segundo_Prg\prog_graph_jimenezmu\EDK3_Login\include\DataStructure.h(96,7): message : vea la declaración de 'EDK3::scoped_array<EDK3::ref_ptr<Material>,unsigned int>'
C:\Users\lumij\Documents\Segundo_Prg\prog_graph_jimenezmu\EDK3_Login\tests\main.cc(307,69): error C2039: "matSettings": no es un miembro de "EDK3::scoped_array<EDK3::ref_ptr<Material>,unsigned int>"
C:\Users\lumij\Documents\Segundo_Prg\prog_graph_jimenezmu\EDK3_Login\include\DataStructure.h(96,7): message : vea la declaración de 'EDK3::scoped_array<EDK3::ref_ptr<Material>,unsigned int>'
C:\Users\lumij\Documents\Segundo_Prg\prog_graph_jimenezmu\EDK3_Login\tests\main.cc(307,5): error C2660: 'AddDrawable': la función no acepta 5 argumentos
C:\Users\lumij\Documents\Segundo_Prg\prog_graph_jimenezmu\EDK3_Login\tests\main.cc(152,6): message : vea la declaración de 'AddDrawable'
C:\Users\lumij\Documents\Segundo_Prg\prog_graph_jimenezmu\EDK3_Login\tests\main.cc(307,5): message : al hacer coincidir la lista de argumentos '(EDK3::Node *, T *, float [3], float [3], const char [8])'
          with
          [
              T=EDK3::SurfaceCustom
          ]
C:\Users\lumij\Documents\Segundo_Prg\prog_graph_jimenezmu\EDK3_Login\tests\main.cc(316,61): error C2039: "mat": no es un miembro de "EDK3::scoped_array<EDK3::ref_ptr<Material>,unsigned int>"
C:\Users\lumij\Documents\Segundo_Prg\prog_graph_jimenezmu\EDK3_Login\include\DataStructure.h(96,7): message : vea la declaración de 'EDK3::scoped_array<EDK3::ref_ptr<Material>,unsigned int>'
C:\Users\lumij\Documents\Segundo_Prg\prog_graph_jimenezmu\EDK3_Login\tests\main.cc(316,82): error C2039: "matSettings": no es un miembro de "EDK3::scoped_array<EDK3::ref_ptr<Material>,unsigned int>"
C:\Users\lumij\Documents\Segundo_Prg\prog_graph_jimenezmu\EDK3_Login\include\DataStructure.h(96,7): message : vea la declaración de 'EDK3::scoped_array<EDK3::ref_ptr<Material>,unsigned int>'
C:\Users\lumij\Documents\Segundo_Prg\prog_graph_jimenezmu\EDK3_Login\tests\main.cc(316,5): error C2660: 'AddDrawable': la función no acepta 5 argumentos
C:\Users\lumij\Documents\Segundo_Prg\prog_graph_jimenezmu\EDK3_Login\tests\main.cc(152,6): message : vea la declaración de 'AddDrawable'
C:\Users\lumij\Documents\Segundo_Prg\prog_graph_jimenezmu\EDK3_Login\tests\main.cc(316,5): message : al hacer coincidir la lista de argumentos '(EDK3::Node *, T *, float [3], float [3], const char [6])'
          with
          [
              T=EDK3::Geometry
          ]
C:\Users\lumij\Documents\Segundo_Prg\prog_graph_jimenezmu\EDK3_Login\tests\main.cc(386,3): error C2065: 'IMGUI': identificador no declarado
C:\Users\lumij\Documents\Segundo_Prg\prog_graph_jimenezmu\EDK3_Login\tests\main.cc(387,3): error C2065: 'IMGUI': identificador no declarado
  Generando código...
