c:\users\lumij\documents\segundo_prg\prog_graph_jimenezmu\edk3_login\build\pr_demo_workspace\debug\vc143.pdb
c:\users\lumij\documents\segundo_prg\prog_graph_jimenezmu\edk3_login\build\pr_demo_workspace\debug\vc143.idb
c:\users\lumij\documents\segundo_prg\prog_graph_jimenezmu\edk3_login\build\pr_demo_workspace\debug\matrix_4.obj
c:\users\lumij\documents\segundo_prg\prog_graph_jimenezmu\edk3_login\build\pr_demo_workspace\debug\matrix_3.obj
c:\users\lumij\documents\segundo_prg\prog_graph_jimenezmu\edk3_login\build\pr_demo_workspace\debug\math_helpers.obj
c:\users\lumij\documents\segundo_prg\prog_graph_jimenezmu\edk3_login\build\pr_demo_workspace\debug\material_basic.obj
c:\users\lumij\documents\segundo_prg\prog_graph_jimenezmu\edk3_login\build\pr_demo_workspace\debug\geometry_custom_terrain.obj
c:\users\lumij\documents\segundo_prg\prog_graph_jimenezmu\edk3_login\build\pr_demo_workspace\debug\geometry_custom_surface.obj
c:\users\lumij\documents\segundo_prg\prog_graph_jimenezmu\edk3_login\build\pr_demo_workspace\debug\geometry_custom_sphere.obj
c:\users\lumij\documents\segundo_prg\prog_graph_jimenezmu\edk3_login\build\pr_demo_workspace\debug\geometry_custom_quad.obj
c:\users\lumij\documents\segundo_prg\prog_graph_jimenezmu\edk3_login\build\pr_demo_workspace\debug\geometry_custom_cube.obj
c:\users\lumij\documents\segundo_prg\prog_graph_jimenezmu\edk3_login\build\pr_demo_workspace\debug\geometry_custom_camera.obj
c:\users\lumij\documents\segundo_prg\prog_graph_jimenezmu\edk3_login\build\pr_demo_workspace\debug\custom_gpu_texture.obj
c:\users\lumij\documents\segundo_prg\prog_graph_jimenezmu\edk3_login\build\pr_demo_workspace\debug\custom_gpu_shader.obj
c:\users\lumij\documents\segundo_prg\prog_graph_jimenezmu\edk3_login\build\pr_demo_workspace\debug\custom_gpu_program.obj
c:\users\lumij\documents\segundo_prg\prog_graph_jimenezmu\edk3_login\build\pr_demo_workspace\debug\custom_gpu_manager.obj
c:\users\lumij\documents\segundo_prg\prog_graph_jimenezmu\edk3_login\build\pr_demo_workspace\debug\custom_gpu_camera.obj
c:\users\lumij\documents\segundo_prg\prog_graph_jimenezmu\edk3_login\build\pr_demo_workspace\debug\custom_gpu_buffer.obj
c:\users\lumij\documents\segundo_prg\prog_graph_jimenezmu\edk3_login\build\pr_demo_workspace\debug\demomanager.obj
c:\users\lumij\documents\segundo_prg\prog_graph_jimenezmu\edk3_login\build\pr_demo_workspace\debug\simplexnoise.obj
c:\users\lumij\documents\segundo_prg\prog_graph_jimenezmu\edk3_login\build\pr_demo_workspace\debug\main.obj
c:\users\lumij\documents\segundo_prg\prog_graph_jimenezmu\edk3_login\build\pr_demo_workspace\debug\postprocess_basic.obj
c:\users\lumij\documents\segundo_prg\prog_graph_jimenezmu\edk3_login\build\pr_demo_workspace\debug\vector_4.obj
c:\users\lumij\documents\segundo_prg\prog_graph_jimenezmu\edk3_login\build\pr_demo_workspace\debug\vector_3.obj
c:\users\lumij\documents\segundo_prg\prog_graph_jimenezmu\edk3_login\build\pr_demo_workspace\debug\vector_2.obj
c:\users\lumij\documents\segundo_prg\prog_graph_jimenezmu\edk3_login\build\pr_demo_workspace\debug\material_custom.obj
c:\users\lumij\documents\segundo_prg\prog_graph_jimenezmu\edk3_login\build\pr_demo_workspace\debug\imguidemo.obj
c:\users\lumij\documents\segundo_prg\prog_graph_jimenezmu\edk3_login\build\pr_demo_workspace\debug\..\..\..\bin\debug\x32\pr_demo_workspace_d.pdb
c:\users\lumij\documents\segundo_prg\prog_graph_jimenezmu\edk3_login\build\pr_demo_workspace\debug\..\debug\pr_demo_workspace.vcxproj.filelistabsolute.txt
c:\users\lumij\documents\segundo_prg\prog_graph_jimenezmu\edk3_login\build\pr_demo_workspace\debug\pr_demo_.59f46164.tlog\cl.command.1.tlog
c:\users\lumij\documents\segundo_prg\prog_graph_jimenezmu\edk3_login\build\pr_demo_workspace\debug\pr_demo_.59f46164.tlog\cl.read.1.tlog
c:\users\lumij\documents\segundo_prg\prog_graph_jimenezmu\edk3_login\build\pr_demo_workspace\debug\pr_demo_.59f46164.tlog\cl.write.1.tlog
c:\users\lumij\documents\segundo_prg\prog_graph_jimenezmu\edk3_login\build\pr_demo_workspace\debug\pr_demo_.59f46164.tlog\link-cvtres.read.1.tlog
c:\users\lumij\documents\segundo_prg\prog_graph_jimenezmu\edk3_login\build\pr_demo_workspace\debug\pr_demo_.59f46164.tlog\link-cvtres.write.1.tlog
c:\users\lumij\documents\segundo_prg\prog_graph_jimenezmu\edk3_login\build\pr_demo_workspace\debug\pr_demo_.59f46164.tlog\link-rc.read.1.tlog
c:\users\lumij\documents\segundo_prg\prog_graph_jimenezmu\edk3_login\build\pr_demo_workspace\debug\pr_demo_.59f46164.tlog\link-rc.write.1.tlog
c:\users\lumij\documents\segundo_prg\prog_graph_jimenezmu\edk3_login\build\pr_demo_workspace\debug\pr_demo_.59f46164.tlog\link.command.1.tlog
c:\users\lumij\documents\segundo_prg\prog_graph_jimenezmu\edk3_login\build\pr_demo_workspace\debug\pr_demo_.59f46164.tlog\link.read.1.tlog
c:\users\lumij\documents\segundo_prg\prog_graph_jimenezmu\edk3_login\build\pr_demo_workspace\debug\pr_demo_.59f46164.tlog\link.write.1.tlog
